<?xml version="1.0" encoding="UTF-8" ?>
<testsuites>
 <testsuite name="Test for footer links" timestamp="2016-12-21T18:29:51" hostname="localhost" time="7.783" errors="0" tests="2" skipped="0" disabled="0" failures="0">
  <testcase classname="Test for footer links" name="Should redirect to Data protection on click" time="2.869" />
  <testcase classname="Test for footer links" name="Should contain correct Link and target in Impressum link" time="0.159" />
 </testsuite>
 <testsuite name="Test for header links" timestamp="2016-12-21T18:29:59" hostname="localhost" time="6.647" errors="0" tests="15" skipped="0" disabled="0" failures="0">
  <testcase classname="Test for header links" name="Should be on the home page" time="0.009" />
  <testcase classname="Test for header links" name="Should redirect to Battle-Grid on click" time="2.908" />
  <testcase classname="Test for header links" name="Should redirect to Ladder on click on logo" time="0.319" />
  <testcase classname="Test for header links" name="Should redirect to Map View on click" time="0.242" />
  <testcase classname="Test for header links" name="Should redirect to Rules on click" time="0.237" />
  <testcase classname="Test for header links" name="Should redirect to Ladder on click" time="0.251" />
  <testcase classname="Test for header links" name="Should redirect to Train on click" time="0.139" />
  <testcase classname="Test for header links" name="Should redirect to About on click" time="1.364" />
  <testcase classname="Test for header links" name="Should open DotMenu" time="0.264" />
  <testcase classname="Test for header links" name="Should contain correct Links in DotMenu aragoIDDotMenu" time="0.134" />
  <testcase classname="Test for header links" name="Should contain correct Links in DotMenu communityDotMenu" time="0.108" />
  <testcase classname="Test for header links" name="Should contain correct Links in DotMenu portalDotMenu" time="0.074" />
  <testcase classname="Test for header links" name="Should contain correct Links in DotMenu docsDotMenu" time="0.074" />
  <testcase classname="Test for header links" name="Should contain correct Links in DotMenu trainingDotMenu" time="0.08" />
  <testcase classname="Test for header links" name="Should contain correct Links in DotMenu supportDotMenu" time="0.08" />
 </testsuite>
</testsuites>