<?xml version="1.0" encoding="UTF-8" ?>
<testsuites>
 <testsuite name="Test for footer links" timestamp="2016-12-26T19:19:06" hostname="localhost" time="10.807" errors="0" tests="2" skipped="0" disabled="0" failures="0">
  <testcase classname="Test for footer links" name="Should redirect to Data protection on click" time="5.248" />
  <testcase classname="Test for footer links" name="Should contain correct Link and target in Impressum link" time="0.381" />
 </testsuite>
 <testsuite name="Test for header links" timestamp="2016-12-26T19:19:17" hostname="localhost" time="15.974" errors="0" tests="15" skipped="0" disabled="0" failures="0">
  <testcase classname="Test for header links" name="Should be on the home page" time="0.052" />
  <testcase classname="Test for header links" name="Should redirect to Battle-Grid on click" time="4.638" />
  <testcase classname="Test for header links" name="Should redirect to Ladder on click on logo" time="0.967" />
  <testcase classname="Test for header links" name="Should redirect to Map View on click" time="1.076" />
  <testcase classname="Test for header links" name="Should redirect to Rules on click" time="0.764" />
  <testcase classname="Test for header links" name="Should redirect to Ladder on click" time="0.804" />
  <testcase classname="Test for header links" name="Should redirect to Train on click" time="0.544" />
  <testcase classname="Test for header links" name="Should redirect to About on click" time="3.277" />
  <testcase classname="Test for header links" name="Should open DotMenu" time="0.655" />
  <testcase classname="Test for header links" name="Should contain correct Links in DotMenu aragoIDDotMenu" time="0.421" />
  <testcase classname="Test for header links" name="Should contain correct Links in DotMenu communityDotMenu" time="0.24" />
  <testcase classname="Test for header links" name="Should contain correct Links in DotMenu portalDotMenu" time="0.224" />
  <testcase classname="Test for header links" name="Should contain correct Links in DotMenu docsDotMenu" time="0.206" />
  <testcase classname="Test for header links" name="Should contain correct Links in DotMenu trainingDotMenu" time="0.219" />
  <testcase classname="Test for header links" name="Should contain correct Links in DotMenu supportDotMenu" time="0.204" />
 </testsuite>
</testsuites>